<?xml version="1.0" encoding="UTF-8"?>
<testng-results ignored="0" total="1" passed="1" failed="0" skipped="0">
  <reporter-output>
  </reporter-output>
  <suite started-at="2023-12-06T19:51:36 OMST" name="Default suite" finished-at="2023-12-06T19:51:39 OMST" duration-ms="3397">
    <groups>
    </groups>
    <test started-at="2023-12-06T19:51:36 OMST" name="Default test" finished-at="2023-12-06T19:51:39 OMST" duration-ms="3397">
      <class name="webTest.sauseDemoTest">
        <test-method is-config="true" signature="init()[pri:0, instance:webTest.sauseDemoTest@59309333]" started-at="2023-12-06T19:51:36 OMST" name="init" finished-at="2023-12-06T19:51:39 OMST" duration-ms="3012" status="PASS">
          <reporter-output>
          </reporter-output>
        </test-method> <!-- init -->
        <test-method signature="logIn()[pri:0, instance:webTest.sauseDemoTest@59309333]" started-at="2023-12-06T19:51:39 OMST" name="logIn" finished-at="2023-12-06T19:51:39 OMST" duration-ms="330" status="PASS">
          <reporter-output>
          </reporter-output>
        </test-method> <!-- logIn -->
      </class> <!-- webTest.sauseDemoTest -->
    </test> <!-- Default test -->
  </suite> <!-- Default suite -->
</testng-results>
