<?xml version="1.0" encoding="UTF-8"?>
<testng-results ignored="0" total="5" passed="5" failed="0" skipped="0">
  <reporter-output>
  </reporter-output>
  <suite started-at="2023-12-06T20:22:05 OMST" name="Default suite" finished-at="2023-12-06T20:22:09 OMST" duration-ms="3979">
    <groups>
    </groups>
    <test started-at="2023-12-06T20:22:05 OMST" name="Default test" finished-at="2023-12-06T20:22:09 OMST" duration-ms="3979">
      <class name="webTest.sauseDemoTest">
        <test-method is-config="true" signature="init()[pri:0, instance:webTest.sauseDemoTest@16293aa2]" started-at="2023-12-06T20:22:05 OMST" name="init" finished-at="2023-12-06T20:22:08 OMST" duration-ms="2804" status="PASS">
          <reporter-output>
          </reporter-output>
        </test-method> <!-- init -->
        <test-method signature="logIn()[pri:1, instance:webTest.sauseDemoTest@16293aa2]" started-at="2023-12-06T20:22:08 OMST" name="logIn" finished-at="2023-12-06T20:22:08 OMST" duration-ms="312" status="PASS">
          <reporter-output>
          </reporter-output>
        </test-method> <!-- logIn -->
        <test-method signature="addTocart()[pri:2, instance:webTest.sauseDemoTest@16293aa2]" started-at="2023-12-06T20:22:08 OMST" name="addTocart" finished-at="2023-12-06T20:22:08 OMST" duration-ms="111" status="PASS">
          <reporter-output>
          </reporter-output>
        </test-method> <!-- addTocart -->
        <test-method signature="viewProduct()[pri:3, instance:webTest.sauseDemoTest@16293aa2]" started-at="2023-12-06T20:22:08 OMST" name="viewProduct" finished-at="2023-12-06T20:22:08 OMST" duration-ms="77" status="PASS">
          <reporter-output>
          </reporter-output>
        </test-method> <!-- viewProduct -->
        <test-method signature="checkOut()[pri:4, instance:webTest.sauseDemoTest@16293aa2]" started-at="2023-12-06T20:22:08 OMST" name="checkOut" finished-at="2023-12-06T20:22:08 OMST" duration-ms="70" status="PASS">
          <reporter-output>
          </reporter-output>
        </test-method> <!-- checkOut -->
        <test-method signature="checkoutInfo()[pri:5, instance:webTest.sauseDemoTest@16293aa2]" started-at="2023-12-06T20:22:08 OMST" name="checkoutInfo" finished-at="2023-12-06T20:22:09 OMST" duration-ms="336" status="PASS">
          <reporter-output>
          </reporter-output>
        </test-method> <!-- checkoutInfo -->
        <test-method is-config="true" signature="quit()[pri:0, instance:webTest.sauseDemoTest@16293aa2]" started-at="2023-12-06T20:22:09 OMST" name="quit" finished-at="2023-12-06T20:22:09 OMST" duration-ms="185" status="PASS">
          <reporter-output>
          </reporter-output>
        </test-method> <!-- quit -->
      </class> <!-- webTest.sauseDemoTest -->
    </test> <!-- Default test -->
  </suite> <!-- Default suite -->
</testng-results>
