<?xml version="1.0" encoding="UTF-8"?>
<!-- Generated by org.testng.reporters.JUnitXMLReporter -->
<testsuite ignored="0" hostname="DESKTOP-JC9KBOP" failures="0" tests="5" name="Default test" time="3.979" errors="0" timestamp="2023-12-06T20:22:09 OMST">
  <testcase classname="webTest.sauseDemoTest" name="logIn" time="0.312"/>
  <testcase classname="webTest.sauseDemoTest" name="addTocart" time="0.111"/>
  <testcase classname="webTest.sauseDemoTest" name="viewProduct" time="0.077"/>
  <testcase classname="webTest.sauseDemoTest" name="checkOut" time="0.07"/>
  <testcase classname="webTest.sauseDemoTest" name="checkoutInfo" time="0.336"/>
</testsuite> <!-- Default test -->
